[    0.000000] Linux version 4.15.0-142-generic (buildd@lgw01-amd64-036) (gcc version 7.5.0 (Ubuntu 7.5.0-3ubuntu1~18.04)) #146-Ubuntu SMP Tue Apr 13 01:11:19 UTC 2021 (Ubuntu 4.15.0-142.146-generic 4.15.18)
[    0.000000] Command line: BOOT_IMAGE=/boot/vmlinuz-4.15.0-142-generic root=LABEL=cloudimg-rootfs ro console=tty1 console=ttyS0
[    0.000000] KERNEL supported cpus:
[    0.000000]   Intel GenuineIntel
[    0.000000]   AMD AuthenticAMD
[    0.000000]   Centaur CentaurHauls
[    0.000000] x86/fpu: Supporting XSAVE feature 0x001: 'x87 floating point registers'
[    0.000000] x86/fpu: Supporting XSAVE feature 0x002: 'SSE registers'
[    0.000000] x86/fpu: Supporting XSAVE feature 0x004: 'AVX registers'
[    0.000000] x86/fpu: xstate_offset[2]:  576, xstate_sizes[2]:  256
[    0.000000] x86/fpu: Enabled xstate features 0x7, context size is 832 bytes, using 'standard' format.
[    0.000000] e820: BIOS-provided physical RAM map:
[    0.000000] BIOS-e820: [mem 0x0000000000000000-0x000000000009fbff] usable
[    0.000000] BIOS-e820: [mem 0x000000000009fc00-0x000000000009ffff] reserved
[    0.000000] BIOS-e820: [mem 0x00000000000f0000-0x00000000000fffff] reserved
[    0.000000] BIOS-e820: [mem 0x0000000000100000-0x000000003ffeffff] usable
[    0.000000] BIOS-e820: [mem 0x000000003fff0000-0x000000003fffffff] ACPI data
[    0.000000] BIOS-e820: [mem 0x00000000fec00000-0x00000000fec00fff] reserved
[    0.000000] BIOS-e820: [mem 0x00000000fee00000-0x00000000fee00fff] reserved
[    0.000000] BIOS-e820: [mem 0x00000000fffc0000-0x00000000ffffffff] reserved
[    0.000000] NX (Execute Disable) protection: active
[    0.000000] SMBIOS 2.5 present.
[    0.000000] DMI: innotek GmbH VirtualBox/VirtualBox, BIOS VirtualBox 12/01/2006
[    0.000000] Hypervisor detected: KVM
[    0.000000] e820: last_pfn = 0x3fff0 max_arch_pfn = 0x400000000
[    0.000000] MTRR: Disabled
[    0.000000] x86/PAT: MTRRs disabled, skipping PAT initialization too.
[    0.000000] CPU MTRRs all blank - virtualized system.
[    0.000000] x86/PAT: Configuration [0-7]: WB  WT  UC- UC  WB  WT  UC- UC  
[    0.000000] found SMP MP-table at [mem 0x0009fff0-0x0009ffff]
[    0.000000] Scanning 1 areas for low memory corruption
[    0.000000] RAMDISK: [mem 0x359cf000-0x36cdefff]
[    0.000000] ACPI: Early table checksum verification disabled
[    0.000000] ACPI: RSDP 0x00000000000E0000 000024 (v02 VBOX  )
[    0.000000] ACPI: XSDT 0x000000003FFF0030 00003C (v01 VBOX   VBOXXSDT 00000001 ASL  00000061)
[    0.000000] ACPI: FACP 0x000000003FFF00F0 0000F4 (v04 VBOX   VBOXFACP 00000001 ASL  00000061)
[    0.000000] ACPI: DSDT 0x000000003FFF0470 002325 (v02 VBOX   VBOXBIOS 00000002 INTL 20100528)
[    0.000000] ACPI: FACS 0x000000003FFF0200 000040
[    0.000000] ACPI: FACS 0x000000003FFF0200 000040
[    0.000000] ACPI: APIC 0x000000003FFF0240 00005C (v02 VBOX   VBOXAPIC 00000001 ASL  00000061)
[    0.000000] ACPI: SSDT 0x000000003FFF02A0 0001CC (v01 VBOX   VBOXCPUT 00000002 INTL 20100528)
[    0.000000] No NUMA configuration found
[    0.000000] Faking a node at [mem 0x0000000000000000-0x000000003ffeffff]
[    0.000000] NODE_DATA(0) allocated [mem 0x3ffc5000-0x3ffeffff]
[    0.000000] kvm-clock: cpu 0, msr 0:3ff44001, primary cpu clock
[    0.000000] kvm-clock: Using msrs 4b564d01 and 4b564d00
[    0.000000] kvm-clock: using sched offset of 3560357563 cycles
[    0.000000] clocksource: kvm-clock: mask: 0xffffffffffffffff max_cycles: 0x1cd42e4dffb, max_idle_ns: 881590591483 ns
[    0.000000] Zone ranges:
[    0.000000]   DMA      [mem 0x0000000000001000-0x0000000000ffffff]
[    0.000000]   DMA32    [mem 0x0000000001000000-0x000000003ffeffff]
[    0.000000]   Normal   empty
[    0.000000]   Device   empty
[    0.000000] Movable zone start for each node
[    0.000000] Early memory node ranges
[    0.000000]   node   0: [mem 0x0000000000001000-0x000000000009efff]
[    0.000000]   node   0: [mem 0x0000000000100000-0x000000003ffeffff]
[    0.000000] Reserved but unavailable: 98 pages
[    0.000000] Initmem setup node 0 [mem 0x0000000000001000-0x000000003ffeffff]
[    0.000000] ACPI: PM-Timer IO Port: 0x4008
[    0.000000] IOAPIC[0]: apic_id 2, version 32, address 0xfec00000, GSI 0-23
[    0.000000] ACPI: INT_SRC_OVR (bus 0 bus_irq 0 global_irq 2 dfl dfl)
[    0.000000] ACPI: INT_SRC_OVR (bus 0 bus_irq 9 global_irq 9 low level)
[    0.000000] Using ACPI (MADT) for SMP configuration information
[    0.000000] smpboot: Allowing 2 CPUs, 0 hotplug CPUs
[    0.000000] PM: Registered nosave memory: [mem 0x00000000-0x00000fff]
[    0.000000] PM: Registered nosave memory: [mem 0x0009f000-0x0009ffff]
[    0.000000] PM: Registered nosave memory: [mem 0x000a0000-0x000effff]
[    0.000000] PM: Registered nosave memory: [mem 0x000f0000-0x000fffff]
[    0.000000] e820: [mem 0x40000000-0xfebfffff] available for PCI devices
[    0.000000] Booting paravirtualized kernel on KVM
[    0.000000] clocksource: refined-jiffies: mask: 0xffffffff max_cycles: 0xffffffff, max_idle_ns: 7645519600211568 ns
[    0.000000] random: get_random_bytes called from start_kernel+0x99/0x500 with crng_init=0
[    0.000000] setup_percpu: NR_CPUS:8192 nr_cpumask_bits:2 nr_cpu_ids:2 nr_node_ids:1
[    0.000000] percpu: Embedded 45 pages/cpu s147456 r8192 d28672 u1048576
[    0.000000] PV qspinlock hash table entries: 256 (order: 0, 4096 bytes)
[    0.000000] Built 1 zonelists, mobility grouping on.  Total pages: 257913
[    0.000000] Policy zone: DMA32
[    0.000000] Kernel command line: BOOT_IMAGE=/boot/vmlinuz-4.15.0-142-generic root=LABEL=cloudimg-rootfs ro console=tty1 console=ttyS0
[    0.000000] Memory: 982720K/1048120K available (12300K kernel code, 2483K rwdata, 4316K rodata, 2444K init, 2724K bss, 65400K reserved, 0K cma-reserved)
[    0.000000] SLUB: HWalign=64, Order=0-3, MinObjects=0, CPUs=2, Nodes=1
[    0.000000] Kernel/User page tables isolation: enabled
[    0.000000] ftrace: allocating 39434 entries in 155 pages
[    0.004000] Hierarchical RCU implementation.
[    0.004000] 	RCU restricting CPUs from NR_CPUS=8192 to nr_cpu_ids=2.
[    0.004000] 	Tasks RCU enabled.
[    0.004000] RCU: Adjusting geometry for rcu_fanout_leaf=16, nr_cpu_ids=2
[    0.004000] NR_IRQS: 524544, nr_irqs: 440, preallocated irqs: 16
[    0.004000] Console: colour VGA+ 80x25
[    0.004000] console [tty1] enabled
[    0.004000] console [ttyS0] enabled
[    0.004000] ACPI: Core revision 20170831
[    0.004000] ACPI: 2 ACPI AML tables successfully acquired and loaded
[    0.004000] APIC: Switch to symmetric I/O mode setup
[    0.004000] x2apic enabled
[    0.004000] Switched APIC routing to physical x2apic.
[    0.004000] ..TIMER: vector=0x30 apic1=0 pin1=2 apic2=-1 pin2=-1
[    0.004003] tsc: Detected 1992.002 MHz processor
[    0.004933] Calibrating delay loop (skipped) preset value.. 3984.00 BogoMIPS (lpj=7968008)
[    0.008002] pid_max: default: 32768 minimum: 301
[    0.008944] Security Framework initialized
[    0.009779] Yama: becoming mindful.
[    0.010547] AppArmor: AppArmor initialized
[    0.012031] Dentry cache hash table entries: 131072 (order: 8, 1048576 bytes)
[    0.013436] Inode-cache hash table entries: 65536 (order: 7, 524288 bytes)
[    0.016008] Mount-cache hash table entries: 2048 (order: 2, 16384 bytes)
[    0.017248] Mountpoint-cache hash table entries: 2048 (order: 2, 16384 bytes)
[    0.018925] Last level iTLB entries: 4KB 64, 2MB 8, 4MB 8
[    0.020002] Last level dTLB entries: 4KB 64, 2MB 0, 4MB 0, 1GB 4
[    0.021193] Spectre V1 : Mitigation: usercopy/swapgs barriers and __user pointer sanitization
[    0.023015] Spectre V2 : Mitigation: Full generic retpoline
[    0.024001] Spectre V2 : Spectre v2 / SpectreRSB mitigation: Filling RSB on context switch
[    0.025615] Speculative Store Bypass: Vulnerable
[    0.026606] SRBDS: Unknown: Dependent on hypervisor status
[    0.028001] MDS: Mitigation: Clear CPU buffers
[    0.029086] Freeing SMP alternatives memory: 36K
[    0.140548] smpboot: CPU0: Intel(R) Core(TM) i7-8550U CPU @ 1.80GHz (family: 0x6, model: 0x8e, stepping: 0xa)
[    0.142504] Performance Events: unsupported p6 CPU model 142 no PMU driver, software events only.
[    0.144000] Hierarchical SRCU implementation.
[    0.144486] NMI watchdog: Perf event create on CPU 0 failed with -2
[    0.145696] NMI watchdog: Perf NMI watchdog permanently disabled
[    0.146884] smp: Bringing up secondary CPUs ...
[    0.148058] x86: Booting SMP configuration:
[    0.148986] .... node  #0, CPUs:      #1
[    0.004000] kvm-clock: cpu 1, msr 0:3ff44041, secondary cpu clock
[    0.152013] smp: Brought up 1 node, 2 CPUs
[    0.152932] smpboot: Max logical packages: 1
[    0.153808] smpboot: Total of 2 processors activated (7968.00 BogoMIPS)
[    0.156033] devtmpfs: initialized
[    0.156718] x86/mm: Memory block size: 128MB
[    0.157842] evm: security.selinux
[    0.158578] evm: security.SMACK64
[    0.159394] evm: security.SMACK64EXEC
[    0.160002] evm: security.SMACK64TRANSMUTE
[    0.160864] evm: security.SMACK64MMAP
[    0.161657] evm: security.apparmor
[    0.162358] evm: security.ima
[    0.163151] evm: security.capability
[    0.164054] clocksource: jiffies: mask: 0xffffffff max_cycles: 0xffffffff, max_idle_ns: 7645041785100000 ns
[    0.165871] futex hash table entries: 512 (order: 3, 32768 bytes)
[    0.168016] pinctrl core: initialized pinctrl subsystem
[    0.169128] RTC time: 18:41:19, date: 05/05/21
[    0.172173] NET: Registered protocol family 16
[    0.173194] audit: initializing netlink subsys (disabled)
[    0.174337] audit: type=2000 audit(1620240084.689:1): state=initialized audit_enabled=0 res=1
[    0.176007] cpuidle: using governor ladder
[    0.176930] cpuidle: using governor menu
[    0.177865] ACPI: bus type PCI registered
[    0.178867] acpiphp: ACPI Hot Plug PCI Controller Driver version: 0.5
[    0.180078] PCI: Using configuration type 1 for base access
[    0.181382] HugeTLB registered 2.00 MiB page size, pre-allocated 0 pages
[    0.184039] ACPI: Added _OSI(Module Device)
[    0.184960] ACPI: Added _OSI(Processor Device)
[    0.186543] ACPI: Added _OSI(3.0 _SCP Extensions)
[    0.187479] ACPI: Added _OSI(Processor Aggregator Device)
[    0.188002] ACPI: Added _OSI(Linux-Dell-Video)
[    0.188965] ACPI: Added _OSI(Linux-Lenovo-NV-HDMI-Audio)
[    0.189998] ACPI: Added _OSI(Linux-HPI-Hybrid-Graphics)
[    0.192243] ACPI: Executed 1 blocks of module-level executable AML code
[    0.196796] ACPI: Interpreter enabled
[    0.197651] ACPI: (supports S0 S5)
[    0.198372] ACPI: Using IOAPIC for interrupt routing
[    0.199598] PCI: Using host bridge windows from ACPI; if necessary, use "pci=nocrs" and report a bug
[    0.200155] ACPI: Enabled 2 GPEs in block 00 to 07
[    0.208703] ACPI: PCI Root Bridge [PCI0] (domain 0000 [bus 00-ff])
[    0.209924] acpi PNP0A03:00: _OSC: OS supports [ASPM ClockPM Segments MSI]
[    0.211916] acpi PNP0A03:00: _OSC: not requesting OS control; OS requires [ExtendedConfig ASPM ClockPM MSI]
[    0.212009] acpi PNP0A03:00: fail to add MMCONFIG information, can't access extended PCI configuration space under this bridge.
[    0.216331] PCI host bridge to bus 0000:00
[    0.217129] pci_bus 0000:00: root bus resource [io  0x0000-0x0cf7 window]
[    0.218437] pci_bus 0000:00: root bus resource [io  0x0d00-0xffff window]
[    0.219708] pci_bus 0000:00: root bus resource [mem 0x000a0000-0x000bffff window]
[    0.220002] pci_bus 0000:00: root bus resource [mem 0x40000000-0xfdffffff window]
[    0.221484] pci_bus 0000:00: root bus resource [bus 00-ff]
[    0.225641] pci 0000:00:01.1: legacy IDE quirk: reg 0x10: [io  0x01f0-0x01f7]
[    0.227056] pci 0000:00:01.1: legacy IDE quirk: reg 0x14: [io  0x03f6]
[    0.228000] pci 0000:00:01.1: legacy IDE quirk: reg 0x18: [io  0x0170-0x0177]
[    0.228002] pci 0000:00:01.1: legacy IDE quirk: reg 0x1c: [io  0x0376]
[    0.241340] pci 0000:00:07.0: quirk: [io  0x4000-0x403f] claimed by PIIX4 ACPI
[    0.242777] pci 0000:00:07.0: quirk: [io  0x4100-0x410f] claimed by PIIX4 SMB
[    0.248699] ACPI: PCI Interrupt Link [LNKA] (IRQs 5 9 10 *11)
[    0.250389] ACPI: PCI Interrupt Link [LNKB] (IRQs 5 9 *10 11)
[    0.251564] ACPI: PCI Interrupt Link [LNKC] (IRQs 5 *9 10 11)
[    0.252110] ACPI: PCI Interrupt Link [LNKD] (IRQs 5 9 10 *11)
[    0.253500] SCSI subsystem initialized
[    0.254275] pci 0000:00:02.0: vgaarb: setting as boot VGA device
[    0.254275] pci 0000:00:02.0: vgaarb: VGA device added: decodes=io+mem,owns=io+mem,locks=none
[    0.256007] pci 0000:00:02.0: vgaarb: bridge control possible
[    0.257261] vgaarb: loaded
[    0.257848] ACPI: bus type USB registered
[    0.260020] usbcore: registered new interface driver usbfs
[    0.261116] usbcore: registered new interface driver hub
[    0.262123] usbcore: registered new device driver usb
[    0.263099] EDAC MC: Ver: 3.0.0
[    0.264228] PCI: Using ACPI for IRQ routing
[    0.265200] NetLabel: Initializing
[    0.265923] NetLabel:  domain hash size = 128
[    0.266763] NetLabel:  protocols = UNLABELED CIPSOv4 CALIPSO
[    0.268014] NetLabel:  unlabeled traffic allowed by default
[    0.269191] clocksource: Switched to clocksource kvm-clock
[    0.285317] VFS: Disk quotas dquot_6.6.0
[    0.286162] VFS: Dquot-cache hash table entries: 512 (order 0, 4096 bytes)
[    0.287510] AppArmor: AppArmor Filesystem Enabled
[    0.288545] pnp: PnP ACPI init
[    0.290165] pnp: PnP ACPI: found 3 devices
[    0.299195] clocksource: acpi_pm: mask: 0xffffff max_cycles: 0xffffff, max_idle_ns: 2085701024 ns
[    0.300931] NET: Registered protocol family 2
[    0.301913] TCP established hash table entries: 8192 (order: 4, 65536 bytes)
[    0.303239] TCP bind hash table entries: 8192 (order: 5, 131072 bytes)
[    0.307846] TCP: Hash tables configured (established 8192 bind 8192)
[    0.309052] UDP hash table entries: 512 (order: 2, 16384 bytes)
[    0.310182] UDP-Lite hash table entries: 512 (order: 2, 16384 bytes)
[    0.311388] NET: Registered protocol family 1
[    0.312241] pci 0000:00:00.0: Limiting direct PCI/PCI transfers
[    0.313327] pci 0000:00:01.0: Activating ISA DMA hang workarounds
[    0.314638] pci 0000:00:02.0: Video device with shadowed ROM at [mem 0x000c0000-0x000dffff]
[    0.316312] Unpacking initramfs...
[    0.598450] Freeing initrd memory: 19520K
[    0.599347] clocksource: tsc: mask: 0xffffffffffffffff max_cycles: 0x396d566cf43, max_idle_ns: 881590760263 ns
[    0.601932] platform rtc_cmos: registered platform RTC device (no PNP device found)
[    0.603540] Scanning for low memory corruption every 60 seconds
[    0.605170] Initialise system trusted keyrings
[    0.605966] Key type blacklist registered
[    0.606728] workingset: timestamp_bits=36 max_order=18 bucket_order=0
[    0.608772] zbud: loaded
[    0.609652] squashfs: version 4.0 (2009/01/31) Phillip Lougher
[    0.610776] fuse init (API version 7.26)
[    0.612906] Key type asymmetric registered
[    0.613648] Asymmetric key parser 'x509' registered
[    0.614528] Block layer SCSI generic (bsg) driver version 0.4 loaded (major 246)
[    0.615865] io scheduler noop registered
[    0.616621] io scheduler deadline registered
[    0.617398] io scheduler cfq registered (default)
[    0.618465] ACPI: AC Adapter [AC] (off-line)
[    0.619450] input: Power Button as /devices/LNXSYSTM:00/LNXPWRBN:00/input/input0
[    0.621027] ACPI: Power Button [PWRF]
[    0.622082] input: Sleep Button as /devices/LNXSYSTM:00/LNXSLPBN:00/input/input1
[    0.623440] ACPI: Sleep Button [SLPF]
[    0.625289] ACPI: Battery Slot [BAT0] (battery present)
[    0.626276] Serial: 8250/16550 driver, 32 ports, IRQ sharing enabled
[    0.648749] 00:02: ttyS0 at I/O 0x3f8 (irq = 4, base_baud = 115200) is a 16550A
[    0.653141] Linux agpgart interface v0.103
[    0.654911] loop: module loaded
[    0.656149] scsi host0: ata_piix
[    0.656985] scsi host1: ata_piix
[    0.657727] ata1: PATA max UDMA/33 cmd 0x1f0 ctl 0x3f6 bmdma 0xd000 irq 14
[    0.659037] ata2: PATA max UDMA/33 cmd 0x170 ctl 0x376 bmdma 0xd008 irq 15
[    0.660825] libphy: Fixed MDIO Bus: probed
[    0.661667] tun: Universal TUN/TAP device driver, 1.6
[    0.662807] PPP generic driver version 2.4.2
[    0.663895] ehci_hcd: USB 2.0 'Enhanced' Host Controller (EHCI) Driver
[    0.665595] ehci-pci: EHCI PCI platform driver
[    0.666522] ehci-platform: EHCI generic platform driver
[    0.667556] ohci_hcd: USB 1.1 'Open' Host Controller (OHCI) Driver
[    0.668826] ohci-pci: OHCI PCI platform driver
[    0.669748] ohci-platform: OHCI generic platform driver
[    0.670831] uhci_hcd: USB Universal Host Controller Interface driver
[    0.672097] i8042: PNP: PS/2 Controller [PNP0303:PS2K,PNP0f03:PS2M] at 0x60,0x64 irq 1,12
[    0.674133] serio: i8042 KBD port at 0x60,0x64 irq 1
[    0.675187] serio: i8042 AUX port at 0x60,0x64 irq 12
[    0.676615] mousedev: PS/2 mouse device common for all mice
[    0.678403] rtc_cmos rtc_cmos: rtc core: registered rtc_cmos as rtc0
[    0.679652] rtc_cmos rtc_cmos: alarms up to one day, 114 bytes nvram
[    0.680993] input: AT Translated Set 2 keyboard as /devices/platform/i8042/serio0/input/input2
[    0.682893] i2c /dev entries driver
[    0.684046] device-mapper: uevent: version 1.0.3
[    0.685090] device-mapper: ioctl: 4.37.0-ioctl (2017-09-20) initialised: dm-devel@redhat.com
[    0.686810] ledtrig-cpu: registered to indicate activity on CPUs
[    0.688417] NET: Registered protocol family 10
[    0.693027] Segment Routing with IPv6
[    0.693807] NET: Registered protocol family 17
[    0.694841] Key type dns_resolver registered
[    0.696053] mce: Using 0 MCE banks
[    0.696802] RAS: Correctable Errors collector initialized.
[    0.697952] sched_clock: Marking stable (696027947, 0)->(869891731, -173863784)
[    0.700071] registered taskstats version 1
[    0.700885] Loading compiled-in X.509 certificates
[    0.704015] Loaded X.509 cert 'Build time autogenerated kernel key: 028139f94c642d40642d50ab098c4e7b0aebaa81'
[    0.706497] Loaded X.509 cert 'Canonical Ltd. Live Patch Signing: 14df34d1a87cf37625abec039ef2bf521249b969'
[    0.708845] Loaded X.509 cert 'Canonical Ltd. Kernel Module Signing: 88f752e560a1e0737e31163a466ad7b70a850c19'
[    0.710887] zswap: loaded using pool lzo/zbud
[    0.714199] Key type big_key registered
[    0.714997] Key type trusted registered
[    0.716989] Key type encrypted registered
[    0.717783] AppArmor: AppArmor sha1 policy hashing enabled
[    0.718846] ima: No TPM chip found, activating TPM-bypass! (rc=-19)
[    0.720011] ima: Allocated hash algorithm: sha1
[    0.720911] evm: HMAC attrs: 0x1
[    0.721885]   Magic number: 5:411:695
[    0.722665] pci 0000:00:00.0: hash matches
[    0.723583] rtc_cmos rtc_cmos: setting system clock to 2021-05-05 18:41:20 UTC (1620240080)
[    0.725405] BIOS EDD facility v0.16 2004-Jun-25, 0 devices found
[    0.726554] EDD information not available.
[    1.138864] Freeing unused kernel image memory: 2444K
[    1.266383] Write protecting the kernel read-only data: 20480k
[    1.273874] Freeing unused kernel image memory: 2008K
[    1.279582] Freeing unused kernel image memory: 1828K
[    1.298198] x86/mm: Checked W+X mappings: passed, no W+X pages found.
[    1.300052] x86/mm: Checking user space page tables
[    1.310023] x86/mm: Checked W+X mappings: passed, no W+X pages found.
Loading, please wait...
starting version 237
[    1.369921] Fusion MPT base driver 3.04.20
[    1.370784] Copyright (c) 1999-2008 LSI Corporation
[    1.385766] AVX2 version of gcm_enc/dec engaged.
[    1.386720] AES CTR mode by8 optimization enabled
[    1.389602] e1000: Intel(R) PRO/1000 Network Driver - version 7.3.21-k8-NAPI
[    1.390866] e1000: Copyright (c) 1999-2006 Intel Corporation.
[    1.392633] Fusion MPT SPI Host driver 3.04.20
[    1.578954] input: ImExPS/2 Generic Explorer Mouse as /devices/platform/i8042/serio1/input/input4
[    1.788735] e1000 0000:00:03.0 eth0: (PCI:33MHz:32-bit) 02:f3:7b:02:da:50
[    1.790191] e1000 0000:00:03.0 eth0: Intel(R) PRO/1000 Network Connection
[    1.792212] mptbase: ioc0: Initiating bringup
[    1.793834] e1000 0000:00:03.0 enp0s3: renamed from eth0
[    1.909889] ioc0: LSI53C1030 A0: Capabilities={Initiator}
[    2.160647] scsi host2: ioc0: LSI53C1030 A0, FwRev=00000000h, Ports=1, MaxQ=256, IRQ=20
[    2.334517] scsi 2:0:0:0: Direct-Access     VBOX     HARDDISK         1.0  PQ: 0 ANSI: 5
[    2.368050] scsi target2:0:0: Beginning Domain Validation
[    2.373125] scsi target2:0:0: Domain Validation skipping write tests
[    2.374355] scsi target2:0:0: Ending Domain Validation
[    2.375487] scsi target2:0:0: asynchronous
[    2.377711] scsi 2:0:1:0: Direct-Access     VBOX     HARDDISK         1.0  PQ: 0 ANSI: 5
[    2.408860] scsi target2:0:1: Beginning Domain Validation
[    2.412886] random: fast init done
[    2.414333] scsi target2:0:1: Domain Validation skipping write tests
[    2.415813] scsi target2:0:1: Ending Domain Validation
[    2.417228] scsi target2:0:1: asynchronous
[    2.425000] random: systemd-udevd: uninitialized urandom read (16 bytes read)
[    2.426667] random: systemd-udevd: uninitialized urandom read (16 bytes read)
[    2.426713] sd 2:0:0:0: Attached scsi generic sg0 type 0
[    2.428268] random: systemd-udevd: uninitialized urandom read (16 bytes read)
[    2.431193] sd 2:0:0:0: [sda] 83886080 512-byte logical blocks: (42.9 GB/40.0 GiB)
[    2.432269] sd 2:0:1:0: Attached scsi generic sg1 type 0
[    2.433956] sd 2:0:0:0: [sda] Write Protect is off
[    2.435205] sd 2:0:1:0: [sdb] 20480 512-byte logical blocks: (10.5 MB/10.0 MiB)
[    2.437595] sd 2:0:0:0: [sda] Incomplete mode parameter data
[    2.438710] sd 2:0:0:0: [sda] Assuming drive cache: write through
[    2.439876] sd 2:0:1:0: [sdb] Write Protect is off
[    2.441289] sd 2:0:1:0: [sdb] Incomplete mode parameter data
[    2.442316] sd 2:0:1:0: [sdb] Assuming drive cache: write through
[    2.451760]  sda: sda1
[    2.454290] sd 2:0:0:0: [sda] Attached SCSI disk
[    2.455665] sd 2:0:1:0: [sdb] Attached SCSI disk
Begin: Loading essential drivers ... [    4.016145] raid6: sse2x1   gen() 13286 MB/s
[    4.064131] raid6: sse2x1   xor()  9946 MB/s
[    4.112160] raid6: sse2x2   gen() 16584 MB/s
[    4.160029] raid6: sse2x2   xor() 11282 MB/s
[    4.208138] raid6: sse2x4   gen() 19085 MB/s
[    4.256153] raid6: sse2x4   xor() 11367 MB/s
[    4.304119] raid6: avx2x1   gen() 27161 MB/s
[    4.352134] raid6: avx2x1   xor() 18983 MB/s
[    4.400139] raid6: avx2x2   gen() 33415 MB/s
[    4.448166] raid6: avx2x2   xor() 20223 MB/s
[    4.496182] raid6: avx2x4   gen() 37389 MB/s
[    4.544137] raid6: avx2x4   xor() 22978 MB/s
[    4.545084] raid6: using algorithm avx2x4 gen() 37389 MB/s
[    4.546195] raid6: .... xor() 22978 MB/s, rmw enabled
[    4.547189] raid6: using avx2x2 recovery algorithm
[    4.549350] xor: automatically using best checksumming function   avx       
[    4.551688] async_tx: api initialized (async)
done.
Begin: Running /scripts/init-premount ... done.
Begin: Mounting root file system ... Begin: Running /scripts/local-top ... done.
Begin: Running /scripts/local-premount ... [    4.589561] Btrfs loaded, crc32c=crc32c-intel
Scanning for Btrfs filesystems
done.
Warning: fsck not present, so skipping root file system
[    4.624949] EXT4-fs (sda1): INFO: recovery required on readonly filesystem
[    4.626255] EXT4-fs (sda1): write access will be enabled during recovery
[    4.746196] EXT4-fs (sda1): recovery complete
[    4.747714] EXT4-fs (sda1): mounted filesystem with ordered data mode. Opts: (null)
done.
Begin: Running /scripts/local-bottom ... done.
Begin: Running /scripts/init-bottom ... done.
[    4.929787] ip_tables: (C) 2000-2006 Netfilter Core Team
[    4.939622] systemd[1]: systemd 237 running in system mode. (+PAM +AUDIT +SELINUX +IMA +APPARMOR +SMACK +SYSVINIT +UTMP +LIBCRYPTSETUP +GCRYPT +GNUTLS +ACL +XZ +LZ4 +SECCOMP +BLKID +ELFUTILS +KMOD -IDN2 +IDN -PCRE2 default-hierarchy=hybrid)
[    4.943798] systemd[1]: Detected virtualization oracle.
[    4.945136] systemd[1]: Detected architecture x86-64.

Welcome to [1mUbuntu 18.04.5 LTS[0m!

[    4.951163] systemd[1]: Set hostname to <ubuntu-bionic>.
[    5.293052] systemd[1]: Reached target User and Group Name Lookups.
[[0;32m  OK  [0m] Reached target User and Group Name Lookups.
[    5.294915] systemd[1]: Reached target Swap.
[[0;32m  OK  [0m] Reached target Swap.
[    5.296242] systemd[1]: Started Forward Password Requests to Wall Directory Watch.
[[0;32m  OK  [0m] Started Forward Password Requests to Wall Directory Watch.
[    5.309672] systemd[1]: Created slice System Slice.
[[0;32m  OK  [0m] Created slice System Slice.
[    5.322134] systemd[1]: Listening on udev Control Socket.
[[0;32m  OK  [0m] Listening on udev Control Socket.
[    5.323933] systemd[1]: Listening on Journal Socket (/dev/log).
[[0;32m  OK  [0m] Listening on Journal Socket (/dev/log).
[[0;32m  OK  [0m] Listening on udev Kernel Socket.
[[0;32m  OK  [0m] Listening on fsck to fsckd communication Socket.
[[0;32m  OK  [0m] Created slice User and Session Slice.
[[0;32m  OK  [0m] Reached target Slices.
[[0;32m  OK  [0m] Listening on LVM2 metadata daemon socket.
[[0;32m  OK  [0m] Listening on /dev/initctl Compatibility Named Pipe.
[[0;32m  OK  [0m] Listening on Journal Socket.
         Starting Create list of required st…ce nodes for the current kernel...
         Starting udev Coldplug all Devices...
         Mounting Huge Pages File System...
[[0;32m  OK  [0m] Created slice system-serial\x2dgetty.slice.
         Mounting POSIX Message Queue File System...
         Starting Uncomplicated firewall...
[[0;32m  OK  [0m] Reached target System Time Synchronized.
         Mounting Kernel Debug File System...
[[0;32m  OK  [0m] Listening on Device-mapper event daemon FIFOs.
[[0;32m  OK  [0m] Listening on LVM2 poll daemon socket.
         Starting Set the console keyboard layout...
[[0;32m  OK  [0m] Set up automount Arbitrary Executab…rmats File System Automount Point.
[[0;32m  OK  [0m] Listening on Network Service Netlink Socket.
         Starting File System Check on Root Device...
[[0;32m  OK  [0m] Listening on Syslog Socket.
[[0;32m  OK  [0m] Listening on Journal Audit Socket.
         Starting Load Kernel Modules...
         Starting Journal Service...
         Starting Monitoring of LVM2 mirrors…ng dmeventd or progress polling...
[[0;32m  OK  [0m] Started Create list of required sta…vice nodes for the current kernel.
[    5.541679] Loading iSCSI transport class v2.0-870.
[    5.549999] iscsi: registered transport (tcp)
[[0;32m  OK  [0m] Mounted Huge Pages File System.
[[0;32m  OK  [0m] Mounted POSIX Message Queue File System.
[[0;32m  OK  [0m] Started Uncomplicated firewall.
[[0;32m  OK  [0m] Mounted Kernel Debug File System.
[[0;32m  OK  [0m] Started File System Check Daemon to report status.
         Starting Create Static Device Nodes in /dev...
[[0;32m  OK  [0m] Started Journal Service.
[[0;32m  OK  [0m] Started udev Coldplug all Devices.
[[0;32m  OK  [0m] Started LVM2 metadata daemon.
[[0;32m  OK  [0m] Started File System Check on Root Device.
         Starting Remount Root and Kernel File Systems...
[[0;32m  OK  [0m] Started Create Static Device Nodes in /dev.
[    5.685428] iscsi: registered transport (iser)
[[0;32m  OK  [0m] Started Load Kernel Modules.
         Mounting Kernel Configuration File System...
         Starting Apply Kernel Variables...
         Mounting FUSE Control File System...
[[0;32m  OK  [0m] Mounted Kernel Configuration File System.
[[0;32m  OK  [0m] Mounted FUSE Control File System.
[[0;32m  OK  [0m] Started Remount Root and Kernel File Systems.
[[0;32m  OK  [0m] Started Monitoring of LVM2 mirrors,…sing dmeventd or progress polling.
[[0;32m  OK  [0m] Started Apply Kernel Variables.
         Starting udev Kernel Device Manager...
         Starting Load/Save Random Seed...
         Starting Flush Journal to Persistent Storage...
[[0;32m  OK  [0m] Started Load/Save Random Seed.
[[0;32m  OK  [0m] Started Set the console keyboard layout.
[[0;32m  OK  [0m] Reached target Local File Systems (Pre).
[[0;32m  OK  [0m] Reached target Local File Systems.
         Starting AppArmor initialization...
         Starting Tell Plymouth To Write Out Runtime Data...
         Starting ebtables ruleset management...
         Starting Set console font and keymap...
[[0;32m  OK  [0m] Started Tell Plymouth To Write Out Runtime Data.
[[0;32m  OK  [0m] Started Set console font and keymap.
[[0;32m  OK  [0m] Started udev Kernel Device Manager.
[[0;32m  OK  [0m] Started Dispatch Password Requests to Console Directory Watch.
[[0;32m  OK  [0m] Reached target Local Encrypted Volumes.
[[0;32m  OK  [0m] Started Flush Journal to Persistent Storage.
         Starting Create Volatile Files and Directories...
[[0;32m  OK  [0m] Started Create Volatile Files and Directories.
         Starting Update UTMP about System Boot/Shutdown...
[[0;32m  OK  [0m] Started Update UTMP about System Boot/Shutdown.
[[0;32m  OK  [0m] Started ebtables ruleset management.
[[0;32m  OK  [0m] Started AppArmor initialization.
[[0;32m  OK  [0m] Found device /dev/ttyS0.
         Starting Initial cloud-init job (pre-networking)...
         Starting Load AppArmor profiles managed internally by snapd...
[[0;32m  OK  [0m] Started Load AppArmor profiles managed internally by snapd.
[[0;32m  OK  [0m] Listening on Load/Save RF Kill Switch Status /dev/rfkill Watch.
[    7.737481] cloud-init[526]: Cloud-init v. 21.1-19-gbad84ad4-0ubuntu1~18.04.1 running 'init-local' at Wed, 05 May 2021 18:41:27 +0000. Up 7.52 seconds.
[[0;32m  OK  [0m] Started Initial cloud-init job (pre-networking).
[[0;32m  OK  [0m] Reached target Network (Pre).
         Starting Network Service...
[[0;32m  OK  [0m] Started Network Service.
         Starting Wait for Network to be Configured...
         Starting Network Name Resolution...
[[0;32m  OK  [0m] Started Network Name Resolution.
[[0;32m  OK  [0m] Reached target Network.
[[0;32m  OK  [0m] Reached target Host and Network Name Lookups.
[[0;32m  OK  [0m] Started Wait for Network to be Configured.
         Starting Initial cloud-init job (metadata service crawler)...
[   10.506042] cloud-init[682]: Cloud-init v. 21.1-19-gbad84ad4-0ubuntu1~18.04.1 running 'init' at Wed, 05 May 2021 18:41:30 +0000. Up 10.32 seconds.
[   10.507350] cloud-init[682]: ci-info: ++++++++++++++++++++++++++++++++++++++Net device info++++++++++++++++++++++++++++++++++++++
[   10.508483] cloud-init[682]: ci-info: +--------+------+----------------------------+---------------+--------+-------------------+
[   10.509535] cloud-init[682]: ci-info: | Device |  Up  |          Address           |      Mask     | Scope  |     Hw-Address    |
[   10.510936] cloud-init[682]: ci-info: +--------+------+----------------------------+---------------+--------+-------------------+
[   10.512468] cloud-init[682]: ci-info: | enp0s3 | True |         10.0.2.15          | 255.255.255.0 | global | 02:f3:7b:02:da:50 |
[   10.513955] cloud-init[682]: ci-info: | enp0s3 | True | fe80::f3:7bff:fe02:da50/64 |       .       |  link  | 02:f3:7b:02:da:50 |
[   10.515451] cloud-init[682]: ci-info: |   lo   | True |         127.0.0.1          |   255.0.0.0   |  host  |         .         |
[   10.516711] cloud-init[682]: ci-info: |   lo   | True |          ::1/128           |       .       |  host  |         .         |
[   10.518226] cloud-init[682]: ci-info: +--------+------+----------------------------+---------------+--------+-------------------+
[   10.519746] cloud-init[682]: ci-info: ++++++++++++++++++++++++++++Route IPv4 info+++++++++++++++++++++++++++++
[   10.521075] cloud-init[682]: ci-info: +-------+-------------+----------+-----------------+-----------+-------+
[   10.532179] cloud-init[682]: ci-info: | Route | Destination | Gateway  |     Genmask     | Interface | Flags |
[   10.533145] cloud-init[682]: ci-info: +-------+-------------+----------+-----------------+-----------+-------+
[   10.544221] cloud-init[682]: ci-info: |   0   |   0.0.0.0   | 10.0.2.2 |     0.0.0.0     |   enp0s3  |   UG  |
[   10.560631] cloud-init[682]: ci-info: |   1   |   10.0.2.0  | 0.0.0.0  |  255.255.255.0  |   enp0s3  |   U   |
[   10.561682] cloud-init[682]: ci-info: |   2   |   10.0.2.2  | 0.0.0.0  | 255.255.255.255 |   enp0s3  |   UH  |
[   10.562682] cloud-init[682]: ci-info: +-------+-------------+----------+-----------------+-----------+-------+
[   10.572799] cloud-init[682]: ci-info: +++++++++++++++++++Route IPv6 info+++++++++++++++++++
[   10.573667] cloud-init[682]: ci-info: +-------+-------------+---------+-----------+-------+
[   10.574468] cloud-init[682]: ci-info: | Route | Destination | Gateway | Interface | Flags |
[   10.584176] cloud-init[682]: ci-info: +-------+-------------+---------+-----------+-------+
[   10.584835] cloud-init[682]: ci-info: |   1   |  fe80::/64  |    ::   |   enp0s3  |   U   |
[   10.603460] cloud-init[682]: ci-info: |   3   |    local    |    ::   |   enp0s3  |   U   |
[   10.604295] cloud-init[682]: ci-info: |   4   |   ff00::/8  |    ::   |   enp0s3  |   U   |
[   10.616164] cloud-init[682]: ci-info: +-------+-------------+---------+-----------+-------+
[[0;32m  OK  [0m] Started Initial cloud-init job (metadata service crawler).
[[0;32m  OK  [0m] Reached target Network is Online.
[[0;32m  OK  [0m] Reached target Remote File Systems (Pre).
         Mounting /vagrant...
         Starting Availability of block devices...
[[0;32m  OK  [0m] Reached target Cloud-config availability.
[[0;32m  OK  [0m] Reached target System Initialization.
[[0;32m  OK  [0m] Started Message of the Day.
[[0;32m  OK  [0m] Started Daily Cleanup of Temporary Directories.
[[0;32m  OK  [0m] Listening on D-Bus System Message Bus Socket.
[[0;32m  OK  [0m] Started Daily apt upgrade and clean activities.
[[0;32m  OK  [0m] Started ACPI Events Check.
[[0;32m  OK  [0m] Listening on ACPID Listen Socket.
         Starting LXD - unix socket.
[[0;32m  OK  [0m] Listening on UUID daemon activation socket.
[[0;32m  OK  [0m] Listening on Open-iSCSI iscsid Socket.
[[0;32m  OK  [0m] Started Discard unused blocks once a week.
[[0;32m  OK  [0m] Reached target Paths.
[[0;32m  OK  [0m] Reached target Timers.
         Starting Socket activation for snappy daemon.
[[0;32m  OK  [0m] Mounted /vagrant.
[[0;32m  OK  [0m] Started Availability of block devices.
[[0;32m  OK  [0m] Listening on LXD - unix socket.
[[0;32m  OK  [0m] Listening on Socket activation for snappy daemon.
[[0;32m  OK  [0m] Reached target Sockets.
[[0;32m  OK  [0m] Reached target Basic System.
[[0;32m  OK  [0m] Started Regular background program processing daemon.
         Starting System Logging Service...
         Starting LSB: Record successful boot for GRUB...
         Starting Dispatcher daemon for systemd-networkd...
[[0;32m  OK  [0m] Started FUSE filesystem for LXC.
[[0;32m  OK  [0m] Started irqbalance daemon.
         Starting Message of the Day...
         Starting Login Service...
[[0;32m  OK  [0m] Started D-Bus System Message Bus.
         Starting Virtualbox guest utils...
         Starting Accounts Service...
         Starting Discard unused blocks...
         Starting Snap Daemon...
         Starting OpenBSD Secure Shell server...
[[0;32m  OK  [0m] Started Deferred execution scheduler.
         Starting LXD - container startup/shutdown...
[[0;32m  OK  [0m] Reached target Remote File Systems.
         Starting LSB: automatic crash report generation...
         Starting Permit User Sessions...
[[0;32m  OK  [0m] Started System Logging Service.
[[0;32m  OK  [0m] Started Discard unused blocks.
[[0;32m  OK  [0m] Started Login Service.
[[0;32m  OK  [0m] Started Permit User Sessions.
[[0;32m  OK  [0m] Started OpenBSD Secure Shell server.
         Starting Hold until boot process finishes up...
         Starting Terminate Plymouth Boot Screen...
         Starting Authorization Manager...
[[0;32m  OK  [0m] Started Unattended Upgrades Shutdown.
[[0;32m  OK  [0m] Started Hold until boot process finishes up.
[[0;32m  OK  [0m] Started Terminate Plymouth Boot Screen.
         Starting Set console scheme...
[[0;32m  OK  [0m] Started Serial Getty on ttyS0.
[[0;32m  OK  [0m] Started Set console scheme.
[[0;32m  OK  [0m] Created slice system-getty.slice.
[[0;32m  OK  [0m] Started Getty on tty1.
[[0;32m  OK  [0m] Reached target Login Prompts.
[[0;32m  OK  [0m] Started LSB: Record successful boot for GRUB.
[[0;32m  OK  [0m] Started Authorization Manager.
[[0;32m  OK  [0m] Started Dispatcher daemon for systemd-networkd.
[[0;32m  OK  [0m] Started Accounts Service.
[[0;32m  OK  [0m] Started LSB: automatic crash report generation.
[[0;32m  OK  [0m] Started Virtualbox guest utils.
[[0;32m  OK  [0m] Started LXD - container startup/shutdown.
[[0;32m  OK  [0m] Created slice User Slice of vagrant.
         Starting User Manager for UID 1000...
[[0;32m  OK  [0m] Started Session 1 of user vagrant.
[[0;32m  OK  [0m] Started User Manager for UID 1000.
[[0;32m  OK  [0m] Started Snap Daemon.
         Starting Wait until snapd is fully seeded...
[[0;32m  OK  [0m] Started Wait until snapd is fully seeded.
         Starting Apply the settings specified in cloud-config...
[[0;32m  OK  [0m] Reached target Multi-User System.
[[0;32m  OK  [0m] Reached target Graphical Interface.
         Starting Update UTMP about System Runlevel Changes...
[[0;32m  OK  [0m] Started Update UTMP about System Runlevel Changes.
[[0;32m  OK  [0m] Started Message of the Day.
[   13.079420] cloud-init[1271]: Cloud-init v. 21.1-19-gbad84ad4-0ubuntu1~18.04.1 running 'modules:config' at Wed, 05 May 2021 18:41:32 +0000. Up 12.96 seconds.
[[0;32m  OK  [0m] Started Apply the settings specified in cloud-config.
         Starting Execute cloud user/final scripts...
[   13.944295] cloud-init[1348]: Cloud-init v. 21.1-19-gbad84ad4-0ubuntu1~18.04.1 running 'modules:final' at Wed, 05 May 2021 18:41:33 +0000. Up 13.73 seconds.
[   13.958044] cloud-init[1348]: Cloud-init v. 21.1-19-gbad84ad4-0ubuntu1~18.04.1 finished at Wed, 05 May 2021 18:41:33 +0000. Datasource DataSourceNoCloud [seed=/dev/sdb][dsmode=net].  Up 13.93 seconds
[[0;32m  OK  [0m] Started Execute cloud user/final scripts.
[[0;32m  OK  [0m] Reached target Cloud-init target.

Ubuntu 18.04.5 LTS ubuntu-bionic ttyS0

ubuntu-bionic login: 